<?xml version="1.0" encoding="UTF-8"?>
<!-- Generated by org.testng.reporters.JUnitReportReporter -->
<testsuite hostname="WorkBeast" failures="0" tests="1" name="comBplSettings_Test.BearerTokenGeneration_Test" time="8.619" errors="0" timestamp="2024-09-23T16:18:30 IST" skipped="0">
  <testcase classname="comBplSettings_Test.BearerTokenGeneration_Test" name="toGenerateBearerToke_Test" time="8.619"/>
</testsuite> <!-- comBplSettings_Test.BearerTokenGeneration_Test -->
