<?xml version="1.0" encoding="UTF-8"?>
<!-- Generated by org.testng.reporters.JUnitReportReporter -->
<testsuite hostname="WorkBeast" failures="0" tests="1" name="comBpl_ProjectTest.DeleteProject" time="34.457" errors="0" timestamp="2024-09-23T16:18:30 IST" skipped="0">
  <testcase classname="comBpl_ProjectTest.DeleteProject" name="userShouldAbleToDeleteProject_Test" time="34.457"/>
</testsuite> <!-- comBpl_ProjectTest.DeleteProject -->
