<?xml version="1.0" encoding="UTF-8"?>
<!-- Generated by org.testng.reporters.JUnitReportReporter -->
<testsuite hostname="WorkBeast" failures="0" tests="2" name="comBpl_ProjectTest.AssigningProjectToEmployees_Test" time="74.033" errors="0" timestamp="2024-09-23T14:49:12 IST" skipped="0">
  <testcase classname="comBpl_ProjectTest.AssigningProjectToEmployees_Test" name="userShouldAbleToAssignProjectsToEmp_Test" time="37.931"/>
  <testcase classname="comBpl_ProjectTest.AssigningProjectToEmployees_Test" name="userShouldAbleToAssignProjectsToEmp_Test" time="36.102"/>
</testsuite> <!-- comBpl_ProjectTest.AssigningProjectToEmployees_Test -->
