<?xml version="1.0" encoding="UTF-8"?>
<!-- Generated by org.testng.reporters.JUnitReportReporter -->
<testsuite hostname="WorkBeast" failures="0" tests="1" name="comBpl_ProjectTest.AssigningProjectToEmployees_Test" time="12.304" errors="0" timestamp="2024-09-24T18:02:50 IST" skipped="0">
  <testcase classname="comBpl_ProjectTest.AssigningProjectToEmployees_Test" name="userShouldAbleToAssignProjectsToEmp_Test" time="12.304"/>
</testsuite> <!-- comBpl_ProjectTest.AssigningProjectToEmployees_Test -->
