<?xml version="1.0" encoding="UTF-8"?>
<!-- Generated by org.testng.reporters.JUnitReportReporter -->
<testsuite hostname="WorkBeast" failures="0" tests="1" name="comBpl_ProjectTest.DowloadResources_Test" time="11.658" errors="0" timestamp="2024-09-19T15:39:32 IST" skipped="0">
  <testcase classname="comBpl_ProjectTest.DowloadResources_Test" name="downloadFileFromResources_Test" time="11.658"/>
</testsuite> <!-- comBpl_ProjectTest.DowloadResources_Test -->
