<?xml version="1.0" encoding="UTF-8"?>
<!-- Generated by org.testng.reporters.JUnitReportReporter -->
<testsuite hostname="WorkBeast" failures="0" tests="1" name="comBpl_ProjectTest.ExportProject_Test" time="8.695" errors="0" timestamp="2024-09-24T10:04:01 IST" skipped="0">
  <testcase classname="comBpl_ProjectTest.ExportProject_Test" name="exportProjectDetailsinExcel_Test" time="8.695"/>
</testsuite> <!-- comBpl_ProjectTest.ExportProject_Test -->
