<?xml version="1.0" encoding="UTF-8"?>
<!-- Generated by org.testng.reporters.JUnitReportReporter -->
<testsuite hostname="WorkBeast" failures="0" tests="2" name="comBpl_ProjectTest.DeleteProject" time="81.873" errors="0" timestamp="2024-09-23T14:49:12 IST" skipped="0">
  <testcase classname="comBpl_ProjectTest.DeleteProject" name="userShouldAbleToDeleteProject_Test" time="45.807"/>
  <testcase classname="comBpl_ProjectTest.DeleteProject" name="userShouldAbleToDeleteProject_Test" time="36.066"/>
</testsuite> <!-- comBpl_ProjectTest.DeleteProject -->
