<?xml version="1.0" encoding="UTF-8"?>
<!-- Generated by org.testng.reporters.JUnitReportReporter -->
<testsuite hostname="WorkBeast" failures="0" tests="2" name="comBplSettings_Test.BearerTokenGeneration_Test" time="25.701" errors="0" timestamp="2024-09-23T14:49:12 IST" skipped="0">
  <testcase classname="comBplSettings_Test.BearerTokenGeneration_Test" name="toGenerateBearerToke_Test" time="12.177"/>
  <testcase classname="comBplSettings_Test.BearerTokenGeneration_Test" name="toGenerateBearerToke_Test" time="13.524"/>
</testsuite> <!-- comBplSettings_Test.BearerTokenGeneration_Test -->
