<?xml version="1.0" encoding="UTF-8"?>
<!-- Generated by org.testng.reporters.JUnitReportReporter -->
<testsuite hostname="WorkBeast" failures="0" tests="1" name="comBpl_ProjectTest.ModifyEmployeedetails_Test" time="20.306" errors="0" timestamp="2024-09-19T10:20:12 IST" skipped="0">
  <testcase classname="comBpl_ProjectTest.ModifyEmployeedetails_Test" name="modifyEmployeeDetails_Test" time="20.306"/>
</testsuite> <!-- comBpl_ProjectTest.ModifyEmployeedetails_Test -->
