<?xml version="1.0" encoding="UTF-8"?>
<!-- Generated by org.testng.reporters.JUnitReportReporter -->
<testsuite hostname="WorkBeast" failures="0" tests="1" name="comBplHrmResources_Test.DowloadResources_Test" time="9.764" errors="0" timestamp="2024-09-24T10:04:01 IST" skipped="0">
  <testcase classname="comBplHrmResources_Test.DowloadResources_Test" name="downloadFileFromResources_Test" time="9.764"/>
</testsuite> <!-- comBplHrmResources_Test.DowloadResources_Test -->
