<?xml version="1.0" encoding="UTF-8"?>
<!-- Generated by org.testng.reporters.JUnitReportReporter -->
<testsuite hostname="WorkBeast" failures="0" tests="1" name="comBplHrmEmployee_Test.ModifyEmployeedetails_Test" time="22.767" errors="0" timestamp="2024-09-23T16:18:30 IST" skipped="0">
  <testcase classname="comBplHrmEmployee_Test.ModifyEmployeedetails_Test" name="modifyEmployeeDetails_Test" time="22.767"/>
</testsuite> <!-- comBplHrmEmployee_Test.ModifyEmployeedetails_Test -->
