<?xml version="1.0" encoding="UTF-8"?>
<!-- Generated by org.testng.reporters.JUnitReportReporter -->
<testsuite hostname="WorkBeast" failures="0" tests="1" name="comBplHrmPayroll_Test.UpdataePayrollDeatils_Test" time="16.523" errors="0" timestamp="2024-09-23T16:18:30 IST" skipped="0">
  <testcase classname="comBplHrmPayroll_Test.UpdataePayrollDeatils_Test" name="updatePayrollDetailsOfEmp_Test" time="16.523"/>
</testsuite> <!-- comBplHrmPayroll_Test.UpdataePayrollDeatils_Test -->
