<?xml version="1.0" encoding="UTF-8"?>
<!-- Generated by org.testng.reporters.JUnitReportReporter -->
<testsuite hostname="WorkBeast" failures="0" tests="1" name="comBpl_ProjectTest.AssigningProjectToEmployees_Test" time="13.480" errors="0" timestamp="2024-09-23T18:12:58 IST" skipped="0">
  <testcase classname="comBpl_ProjectTest.AssigningProjectToEmployees_Test" name="userShouldAbleToAssignProjectsToEmp_Test" time="13.480"/>
</testsuite> <!-- comBpl_ProjectTest.AssigningProjectToEmployees_Test -->
