<?xml version="1.0" encoding="UTF-8"?>
<!-- Generated by org.testng.reporters.JUnitReportReporter -->
<testsuite hostname="WorkBeast" failures="0" tests="2" name="comBplHrmPayroll_Test.UpdataePayrollDeatils_Test" time="93.673" errors="0" timestamp="2024-09-23T14:49:12 IST" skipped="0">
  <testcase classname="comBplHrmPayroll_Test.UpdataePayrollDeatils_Test" name="updatePayrollDetailsOfEmp_Test" time="39.184"/>
  <testcase classname="comBplHrmPayroll_Test.UpdataePayrollDeatils_Test" name="updatePayrollDetailsOfEmp_Test" time="54.489"/>
</testsuite> <!-- comBplHrmPayroll_Test.UpdataePayrollDeatils_Test -->
