<?xml version="1.0" encoding="UTF-8"?>
<!-- Generated by org.testng.reporters.JUnitReportReporter -->
<testsuite hostname="WorkBeast" failures="0" tests="1" name="comBpl_ProjectTest.BearerTokenGeneration_Test" time="9.011" errors="0" timestamp="2024-09-19T11:17:09 IST" skipped="0">
  <testcase classname="comBpl_ProjectTest.BearerTokenGeneration_Test" name="toGenerateBearerToke_Test" time="9.011"/>
</testsuite> <!-- comBpl_ProjectTest.BearerTokenGeneration_Test -->
