<?xml version="1.0" encoding="UTF-8"?>
<!-- Generated by org.testng.reporters.JUnitReportReporter -->
<testsuite hostname="WorkBeast" failures="0" tests="1" name="comBpl_ProjectTest.UpdataePayrollDeatils_Test" time="22.193" errors="0" timestamp="2024-09-20T11:19:41 IST" skipped="0">
  <testcase classname="comBpl_ProjectTest.UpdataePayrollDeatils_Test" name="updatePayrollDetailsOfEmp_Test" time="22.193"/>
</testsuite> <!-- comBpl_ProjectTest.UpdataePayrollDeatils_Test -->
