<?xml version="1.0" encoding="UTF-8"?>
<!-- Generated by org.testng.reporters.JUnitReportReporter -->
<testsuite hostname="WorkBeast" failures="0" tests="2" name="comBplHrmResources_Test.DowloadResources_Test" time="32.669" errors="0" timestamp="2024-09-23T14:49:12 IST" skipped="0">
  <testcase classname="comBplHrmResources_Test.DowloadResources_Test" name="downloadFileFromResources_Test" time="17.577"/>
  <testcase classname="comBplHrmResources_Test.DowloadResources_Test" name="downloadFileFromResources_Test" time="15.092"/>
</testsuite> <!-- comBplHrmResources_Test.DowloadResources_Test -->
