<?xml version="1.0" encoding="UTF-8"?>
<!-- Generated by org.testng.reporters.JUnitReportReporter -->
<testsuite hostname="WorkBeast" failures="0" tests="2" name="comBpl_ProjectTest.ExportProject_Test" time="21.342" errors="0" timestamp="2024-09-23T14:49:12 IST" skipped="0">
  <testcase classname="comBpl_ProjectTest.ExportProject_Test" name="exportProjectDetailsinExcel_Test" time="9.389"/>
  <testcase classname="comBpl_ProjectTest.ExportProject_Test" name="exportProjectDetailsinExcel_Test" time="11.953"/>
</testsuite> <!-- comBpl_ProjectTest.ExportProject_Test -->
