<?xml version="1.0" encoding="UTF-8"?>
<!-- Generated by org.testng.reporters.JUnitReportReporter -->
<testsuite hostname="WorkBeast" failures="0" tests="1" name="comBplHrmPayroll_Test.UpdataePayrollDeatils_Test" time="15.481" errors="0" timestamp="2024-09-24T10:04:01 IST" skipped="0">
  <testcase classname="comBplHrmPayroll_Test.UpdataePayrollDeatils_Test" name="updatePayrollDetailsOfEmp_Test" time="15.481"/>
</testsuite> <!-- comBplHrmPayroll_Test.UpdataePayrollDeatils_Test -->
