<?xml version="1.0" encoding="UTF-8"?>
<!-- Generated by org.testng.reporters.JUnitReportReporter -->
<testsuite hostname="WorkBeast" failures="0" tests="2" name="comBplHrmEmployee_Test.ModifyEmployeedetails_Test" time="82.470" errors="0" timestamp="2024-09-23T14:49:12 IST" skipped="0">
  <testcase classname="comBplHrmEmployee_Test.ModifyEmployeedetails_Test" name="modifyEmployeeDetails_Test" time="41.072"/>
  <testcase classname="comBplHrmEmployee_Test.ModifyEmployeedetails_Test" name="modifyEmployeeDetails_Test" time="41.398"/>
</testsuite> <!-- comBplHrmEmployee_Test.ModifyEmployeedetails_Test -->
